16:49:23.033 [main] DEBUG org.testng.TestNG - suiteXmlPath: "C:\Workspaces\Karthi_July_29 Space\contactlist\Master.xml"
16:49:23.346 [main] INFO  org.testng.internal.Utils - [TestNG] Running:
  C:\Workspaces\Karthi_July_29 Space\contactlist\Master.xml

16:49:32.723 [main] INFO  testCases.TC104_ContactsDisplayTest - ******TC104_ContactsDisplayTest****
16:49:32.724 [main] INFO  testCases.TC104_ContactsDisplayTest - ......testContactsAlphabeticalOrder.....
16:49:32.743 [main] INFO  testCases.TC104_ContactsDisplayTest - Home Page
16:49:33.001 [main] INFO  testCases.TC104_ContactsDisplayTest - click login button
17:08:54.350 [main] DEBUG org.testng.TestNG - suiteXmlPath: "C:\Workspaces\Karthi_July_29 Space\contactlist\Master.xml"
17:08:54.592 [main] INFO  org.testng.internal.Utils - [TestNG] Running:
  C:\Workspaces\Karthi_July_29 Space\contactlist\Master.xml

17:08:58.379 [main] INFO  testCases.TC104_ContactsDisplayTest - ******TC104_ContactsDisplayTest****
17:08:58.379 [main] INFO  testCases.TC104_ContactsDisplayTest - ......testContactsAlphabeticalOrder.....
17:08:58.395 [main] INFO  testCases.TC104_ContactsDisplayTest - Home Page
17:08:58.640 [main] INFO  testCases.TC104_ContactsDisplayTest - click login button
17:16:06.561 [main] DEBUG org.testng.TestNG - suiteXmlPath: "C:\Workspaces\Karthi_July_29 Space\contactlist\Master.xml"
17:16:06.763 [main] INFO  org.testng.internal.Utils - [TestNG] Running:
  C:\Workspaces\Karthi_July_29 Space\contactlist\Master.xml

17:16:10.187 [main] INFO  testCases.TC104_ContactsDisplayTest - ******TC104_ContactsDisplayTest****
17:16:10.187 [main] INFO  testCases.TC104_ContactsDisplayTest - ......testContactsAlphabeticalOrder.....
17:16:10.203 [main] INFO  testCases.TC104_ContactsDisplayTest - Home Page
17:16:10.478 [main] INFO  testCases.TC104_ContactsDisplayTest - click login button
17:19:18.448 [main] DEBUG org.testng.TestNG - suiteXmlPath: "C:\Workspaces\Karthi_July_29 Space\contactlist\Master.xml"
17:19:18.644 [main] INFO  org.testng.internal.Utils - [TestNG] Running:
  C:\Workspaces\Karthi_July_29 Space\contactlist\Master.xml

17:19:22.113 [main] INFO  testCases.TC104_ContactsDisplayTest - ******TC104_ContactsDisplayTest****
17:19:22.113 [main] INFO  testCases.TC104_ContactsDisplayTest - ......testContactsAlphabeticalOrder.....
17:19:22.126 [main] INFO  testCases.TC104_ContactsDisplayTest - Home Page
17:19:22.424 [main] INFO  testCases.TC104_ContactsDisplayTest - click login button
17:38:22.369 [main] DEBUG org.testng.TestNG - suiteXmlPath: "C:\Workspaces\Karthi_July_29 Space\contactlist\Master.xml"
17:38:22.570 [main] INFO  org.testng.internal.Utils - [TestNG] Running:
  C:\Workspaces\Karthi_July_29 Space\contactlist\Master.xml

17:38:26.182 [main] INFO  testCases.TC104_ContactsDisplayTest - ******TC104_ContactsDisplayTest****
17:38:26.182 [main] INFO  testCases.TC104_ContactsDisplayTest - ......testContactsAlphabeticalOrder.....
17:38:26.199 [main] INFO  testCases.TC104_ContactsDisplayTest - Home Page
17:38:26.444 [main] INFO  testCases.TC104_ContactsDisplayTest - click login button
17:39:23.442 [main] DEBUG org.testng.TestNG - suiteXmlPath: "C:\Workspaces\Karthi_July_29 Space\contactlist\Master.xml"
17:39:23.636 [main] INFO  org.testng.internal.Utils - [TestNG] Running:
  C:\Workspaces\Karthi_July_29 Space\contactlist\Master.xml

17:39:26.452 [main] INFO  testCases.TC104_ContactsDisplayTest - ******TC104_ContactsDisplayTest****
17:39:26.453 [main] INFO  testCases.TC104_ContactsDisplayTest - ......testContactsAlphabeticalOrder.....
17:39:26.468 [main] INFO  testCases.TC104_ContactsDisplayTest - Home Page
17:39:27.148 [main] INFO  testCases.TC104_ContactsDisplayTest - click login button
18:09:33.910 [main] DEBUG org.testng.TestNG - suiteXmlPath: "C:\Workspaces\Karthi_July_29 Space\contactlist\Master.xml"
18:09:34.120 [main] INFO  org.testng.internal.Utils - [TestNG] Running:
  C:\Workspaces\Karthi_July_29 Space\contactlist\Master.xml

18:09:38.483 [main] INFO  testCases.TC104_ContactsDisplayTest - ******TC104_ContactsDisplayTest****
18:09:38.485 [main] INFO  testCases.TC104_ContactsDisplayTest - ......testContactsAlphabeticalOrder.....
18:09:38.503 [main] INFO  testCases.TC104_ContactsDisplayTest - Home Page
18:09:38.846 [main] INFO  testCases.TC104_ContactsDisplayTest - click login button
18:11:47.029 [main] DEBUG org.testng.TestNG - suiteXmlPath: "C:\Workspaces\Karthi_July_29 Space\contactlist\Master.xml"
18:11:47.223 [main] INFO  org.testng.internal.Utils - [TestNG] Running:
  C:\Workspaces\Karthi_July_29 Space\contactlist\Master.xml

18:11:57.082 [main] INFO  testCases.TC104_ContactsDisplayTest - ******TC104_ContactsDisplayTest****
18:11:57.082 [main] INFO  testCases.TC104_ContactsDisplayTest - ......testContactsAlphabeticalOrder.....
18:11:57.100 [main] INFO  testCases.TC104_ContactsDisplayTest - Home Page
18:11:57.401 [main] INFO  testCases.TC104_ContactsDisplayTest - click login button
18:19:08.861 [main] DEBUG org.testng.TestNG - suiteXmlPath: "C:\Workspaces\Karthi_July_29 Space\contactlist\Master.xml"
18:19:09.061 [main] INFO  org.testng.internal.Utils - [TestNG] Running:
  C:\Workspaces\Karthi_July_29 Space\contactlist\Master.xml

18:19:11.881 [main] INFO  testCases.TC104_ContactsDisplayTest - ******TC104_ContactsDisplayTest****
18:19:11.882 [main] INFO  testCases.TC104_ContactsDisplayTest - ......testContactsAlphabeticalOrder.....
18:19:11.897 [main] INFO  testCases.TC104_ContactsDisplayTest - Home Page
18:19:12.606 [main] INFO  testCases.TC104_ContactsDisplayTest - click login button
18:21:11.440 [main] DEBUG org.testng.TestNG - suiteXmlPath: "C:\Workspaces\Karthi_July_29 Space\contactlist\Master.xml"
18:21:11.659 [main] INFO  org.testng.internal.Utils - [TestNG] Running:
  C:\Workspaces\Karthi_July_29 Space\contactlist\Master.xml

18:21:15.197 [main] INFO  testCases.TC104_ContactsDisplayTest - ******TC104_ContactsDisplayTest****
18:21:15.197 [main] INFO  testCases.TC104_ContactsDisplayTest - ......testContactsAlphabeticalOrder.....
18:21:15.215 [main] INFO  testCases.TC104_ContactsDisplayTest - Home Page
18:21:15.473 [main] INFO  testCases.TC104_ContactsDisplayTest - click login button
18:31:52.204 [main] DEBUG org.testng.TestNG - suiteXmlPath: "C:\Workspaces\Karthi_July_29 Space\contactlist\Master.xml"
18:31:52.410 [main] INFO  org.testng.internal.Utils - [TestNG] Running:
  C:\Workspaces\Karthi_July_29 Space\contactlist\Master.xml

18:31:56.120 [main] INFO  testCases.TC104_ContactsDisplayTest - ******TC104_ContactsDisplayTest****
18:31:56.120 [main] INFO  testCases.TC104_ContactsDisplayTest - ......testContactsAlphabeticalOrder.....
18:31:56.137 [main] INFO  testCases.TC104_ContactsDisplayTest - Home Page
18:31:56.455 [main] INFO  testCases.TC104_ContactsDisplayTest - click login button
18:32:10.059 [main] INFO  testCases.TC104_ContactsDisplayTest - contact details are displayed
18:32:10.254 [main] INFO  testCases.TC104_ContactsDisplayTest - verify alphabetical order
18:32:10.469 [main] INFO  testCases.TC104_ContactsDisplayTest - testPhonenumberwithExtension
18:41:59.993 [main] DEBUG org.testng.TestNG - suiteXmlPath: "C:\Workspaces\Karthi_July_29 Space\contactlist\Master.xml"
18:42:00.209 [main] INFO  org.testng.internal.Utils - [TestNG] Running:
  C:\Workspaces\Karthi_July_29 Space\contactlist\Master.xml

18:42:03.749 [main] INFO  testCases.TC104_ContactsDisplayTest - ******TC104_ContactsDisplayTest****
18:42:03.749 [main] INFO  testCases.TC104_ContactsDisplayTest - ......testContactsAlphabeticalOrder.....
18:42:03.767 [main] INFO  testCases.TC104_ContactsDisplayTest - Home Page
18:42:04.036 [main] INFO  testCases.TC104_ContactsDisplayTest - click login button
18:42:17.664 [main] INFO  testCases.TC104_ContactsDisplayTest - contact details are displayed
18:42:17.848 [main] INFO  testCases.TC104_ContactsDisplayTest - verify alphabetical order
18:42:18.000 [main] INFO  testCases.TC104_ContactsDisplayTest - testPhonenumberwithExtension
18:47:59.037 [main] DEBUG org.testng.TestNG - suiteXmlPath: "C:\Workspaces\Karthi_July_29 Space\contactlist\Master.xml"
18:47:59.252 [main] INFO  org.testng.internal.Utils - [TestNG] Running:
  C:\Workspaces\Karthi_July_29 Space\contactlist\Master.xml

18:48:02.754 [main] INFO  testCases.TC104_ContactsDisplayTest - ******TC104_ContactsDisplayTest****
18:48:02.754 [main] INFO  testCases.TC104_ContactsDisplayTest - ......testContactsAlphabeticalOrder.....
18:48:02.767 [main] INFO  testCases.TC104_ContactsDisplayTest - Home Page
18:48:03.007 [main] INFO  testCases.TC104_ContactsDisplayTest - click login button
18:48:16.521 [main] INFO  testCases.TC104_ContactsDisplayTest - contact details are displayed
18:48:16.672 [main] INFO  testCases.TC104_ContactsDisplayTest - verify alphabetical order
18:48:16.867 [main] INFO  testCases.TC104_ContactsDisplayTest - testPhonenumberwithExtension
18:53:07.353 [main] DEBUG org.testng.TestNG - suiteXmlPath: "C:\Workspaces\Karthi_July_29 Space\contactlist\Master.xml"
18:53:07.554 [main] INFO  org.testng.internal.Utils - [TestNG] Running:
  C:\Workspaces\Karthi_July_29 Space\contactlist\Master.xml

18:53:11.092 [main] INFO  testCases.TC104_ContactsDisplayTest - ******TC104_ContactsDisplayTest****
18:53:11.092 [main] INFO  testCases.TC104_ContactsDisplayTest - ......testContactsAlphabeticalOrder.....
18:53:11.102 [main] INFO  testCases.TC104_ContactsDisplayTest - Home Page
18:53:11.394 [main] INFO  testCases.TC104_ContactsDisplayTest - click login button
18:53:25.004 [main] INFO  testCases.TC104_ContactsDisplayTest - contact details are displayed
18:53:25.159 [main] INFO  testCases.TC104_ContactsDisplayTest - verify alphabetical order
18:53:25.338 [main] INFO  testCases.TC104_ContactsDisplayTest - testPhonenumberwithExtension
19:04:27.367 [main] DEBUG org.testng.TestNG - suiteXmlPath: "C:\Workspaces\Karthi_July_29 Space\contactlist\Master.xml"
19:04:27.561 [main] INFO  org.testng.internal.Utils - [TestNG] Running:
  C:\Workspaces\Karthi_July_29 Space\contactlist\Master.xml

19:04:30.739 [main] INFO  testCases.TC104_ContactsDisplayTest - ******TC104_ContactsDisplayTest****
19:04:30.739 [main] INFO  testCases.TC104_ContactsDisplayTest - ......testContactsAlphabeticalOrder.....
19:04:30.750 [main] INFO  testCases.TC104_ContactsDisplayTest - Home Page
19:04:31.627 [main] INFO  testCases.TC104_ContactsDisplayTest - click login button
19:04:45.166 [main] INFO  testCases.TC104_ContactsDisplayTest - contact details are displayed
19:04:45.321 [main] INFO  testCases.TC104_ContactsDisplayTest - verify alphabetical order
19:04:45.476 [main] INFO  testCases.TC104_ContactsDisplayTest - testPhonenumberwithExtension
19:20:34.159 [main] DEBUG org.testng.TestNG - suiteXmlPath: "C:\Workspaces\Karthi_July_29 Space\contactlist\Master.xml"
19:20:34.401 [main] INFO  org.testng.internal.Utils - [TestNG] Running:
  C:\Workspaces\Karthi_July_29 Space\contactlist\Master.xml

19:20:38.911 [main] INFO  testCases.TC104_ContactsDisplayTest - ******TC104_ContactsDisplayTest****
19:20:38.911 [main] INFO  testCases.TC104_ContactsDisplayTest - ......testContactsAlphabeticalOrder.....
19:20:38.926 [main] INFO  testCases.TC104_ContactsDisplayTest - Home Page
19:20:39.201 [main] INFO  testCases.TC104_ContactsDisplayTest - click login button
19:20:52.817 [main] INFO  testCases.TC104_ContactsDisplayTest - contact details are displayed
19:20:53.008 [main] INFO  testCases.TC104_ContactsDisplayTest - verify alphabetical order
19:20:53.241 [main] INFO  testCases.TC104_ContactsDisplayTest - testPhonenumberwithExtension
19:52:42.621 [main] DEBUG org.testng.TestNG - suiteXmlPath: "C:\Workspaces\Karthi_July_29 Space\contactlist\Master.xml"
19:52:42.856 [main] INFO  org.testng.internal.Utils - [TestNG] Running:
  C:\Workspaces\Karthi_July_29 Space\contactlist\Master.xml

19:52:46.578 [main] INFO  testCases.TC104_ContactsDisplayTest - ******TC104_ContactsDisplayTest****
19:52:46.579 [main] INFO  testCases.TC104_ContactsDisplayTest - ......testContactsAlphabeticalOrder.....
19:52:46.593 [main] INFO  testCases.TC104_ContactsDisplayTest - Home Page
19:52:47.293 [main] INFO  testCases.TC104_ContactsDisplayTest - click login button
19:52:50.584 [main] INFO  testCases.TC104_ContactsDisplayTest - testPhonenumberwithExtension
19:54:09.913 [main] DEBUG org.testng.TestNG - suiteXmlPath: "C:\Workspaces\Karthi_July_29 Space\contactlist\Master.xml"
19:54:10.120 [main] INFO  org.testng.internal.Utils - [TestNG] Running:
  C:\Workspaces\Karthi_July_29 Space\contactlist\Master.xml

19:54:13.776 [main] INFO  testCases.TC104_ContactsDisplayTest - ******TC104_ContactsDisplayTest****
19:54:13.776 [main] INFO  testCases.TC104_ContactsDisplayTest - ......testContactsAlphabeticalOrder.....
19:54:13.794 [main] INFO  testCases.TC104_ContactsDisplayTest - Home Page
19:54:14.040 [main] INFO  testCases.TC104_ContactsDisplayTest - click login button
19:56:51.292 [main] DEBUG org.testng.TestNG - suiteXmlPath: "C:\Workspaces\Karthi_July_29 Space\contactlist\Master.xml"
19:56:51.496 [main] INFO  org.testng.internal.Utils - [TestNG] Running:
  C:\Workspaces\Karthi_July_29 Space\contactlist\Master.xml

19:56:55.577 [main] INFO  testCases.TC104_ContactsDisplayTest - ******TC104_ContactsDisplayTest****
19:56:55.577 [main] INFO  testCases.TC104_ContactsDisplayTest - ......testContactsAlphabeticalOrder.....
19:56:55.594 [main] INFO  testCases.TC104_ContactsDisplayTest - Home Page
19:56:55.926 [main] INFO  testCases.TC104_ContactsDisplayTest - click login button
19:57:09.570 [main] INFO  testCases.TC104_ContactsDisplayTest - contact details are displayed
19:57:09.706 [main] INFO  testCases.TC104_ContactsDisplayTest - verify alphabetical order
19:57:42.172 [main] DEBUG org.testng.TestNG - suiteXmlPath: "C:\Workspaces\Karthi_July_29 Space\contactlist\Master.xml"
19:57:42.365 [main] INFO  org.testng.internal.Utils - [TestNG] Running:
  C:\Workspaces\Karthi_July_29 Space\contactlist\Master.xml

19:57:45.836 [main] INFO  testCases.TC104_ContactsDisplayTest - ******TC104_ContactsDisplayTest****
19:57:45.836 [main] INFO  testCases.TC104_ContactsDisplayTest - ......testContactsAlphabeticalOrder.....
19:57:45.847 [main] INFO  testCases.TC104_ContactsDisplayTest - Home Page
19:57:46.136 [main] INFO  testCases.TC104_ContactsDisplayTest - click login button
19:57:59.698 [main] INFO  testCases.TC104_ContactsDisplayTest - contact details are displayed
19:57:59.825 [main] INFO  testCases.TC104_ContactsDisplayTest - verify alphabetical order
19:57:59.977 [main] INFO  testCases.TC104_ContactsDisplayTest - testPhonenumberwithExtension
20:00:35.719 [main] DEBUG org.testng.TestNG - suiteXmlPath: "C:\Workspaces\Karthi_July_29 Space\contactlist\Master.xml"
20:00:35.924 [main] INFO  org.testng.internal.Utils - [TestNG] Running:
  C:\Workspaces\Karthi_July_29 Space\contactlist\Master.xml

20:00:39.622 [main] INFO  testCases.TC104_ContactsDisplayTest - ******TC104_ContactsDisplayTest****
20:00:39.622 [main] INFO  testCases.TC104_ContactsDisplayTest - ......testContactsAlphabeticalOrder.....
20:00:39.635 [main] INFO  testCases.TC104_ContactsDisplayTest - Home Page
20:00:39.910 [main] INFO  testCases.TC104_ContactsDisplayTest - click login button
20:00:53.707 [main] INFO  testCases.TC104_ContactsDisplayTest - contact details are displayed
20:00:53.911 [main] INFO  testCases.TC104_ContactsDisplayTest - verify alphabetical order
20:00:54.119 [main] INFO  testCases.TC104_ContactsDisplayTest - testPhonenumberwithExtension
20:04:34.634 [main] DEBUG org.testng.TestNG - suiteXmlPath: "C:\Workspaces\Karthi_July_29 Space\contactlist\Master.xml"
20:04:34.839 [main] INFO  org.testng.internal.Utils - [TestNG] Running:
  C:\Workspaces\Karthi_July_29 Space\contactlist\Master.xml

20:04:38.284 [main] INFO  testCases.TC104_ContactsDisplayTest - ******TC104_ContactsDisplayTest****
20:04:38.284 [main] INFO  testCases.TC104_ContactsDisplayTest - ......testContactsAlphabeticalOrder.....
20:04:38.295 [main] INFO  testCases.TC104_ContactsDisplayTest - Home Page
20:04:38.563 [main] INFO  testCases.TC104_ContactsDisplayTest - click login button
20:04:52.150 [main] INFO  testCases.TC104_ContactsDisplayTest - contact details are displayed
20:04:52.290 [main] INFO  testCases.TC104_ContactsDisplayTest - verify alphabetical order
20:04:52.459 [main] INFO  testCases.TC104_ContactsDisplayTest - testPhonenumberwithExtension
20:09:04.643 [main] DEBUG org.testng.TestNG - suiteXmlPath: "C:\Workspaces\Karthi_July_29 Space\contactlist\Master.xml"
20:09:04.837 [main] INFO  org.testng.internal.Utils - [TestNG] Running:
  C:\Workspaces\Karthi_July_29 Space\contactlist\Master.xml

20:09:08.138 [main] INFO  testCases.TC104_ContactsDisplayTest - ******TC104_ContactsDisplayTest Starts****
20:09:08.139 [main] INFO  testCases.TC104_ContactsDisplayTest - ......testContactsAlphabeticalOrder.....
20:09:08.152 [main] INFO  testCases.TC104_ContactsDisplayTest - Home Page
20:09:09.351 [main] INFO  testCases.TC104_ContactsDisplayTest - click login button
20:09:22.970 [main] INFO  testCases.TC104_ContactsDisplayTest - contact details are displayed
20:09:23.150 [main] INFO  testCases.TC104_ContactsDisplayTest - verify alphabetical order
20:09:23.327 [main] INFO  testCases.TC104_ContactsDisplayTest - .....testPhonenumberwithExtension.....
20:09:26.556 [main] INFO  testCases.TC104_ContactsDisplayTest - Phone number having extensions
20:09:26.556 [main] INFO  testCases.TC104_ContactsDisplayTest - *****TC104_ContactsDisplayTest Ends*****
20:33:33.693 [main] DEBUG org.testng.TestNG - suiteXmlPath: "C:\Workspaces\Karthi_July_29 Space\contactlist\Master.xml"
20:33:33.921 [main] INFO  org.testng.internal.Utils - [TestNG] Running:
  C:\Workspaces\Karthi_July_29 Space\contactlist\Master.xml

20:34:05.131 [main] DEBUG org.testng.TestNG - suiteXmlPath: "C:\Workspaces\Karthi_July_29 Space\contactlist\Master.xml"
20:34:05.321 [main] INFO  org.testng.internal.Utils - [TestNG] Running:
  C:\Workspaces\Karthi_July_29 Space\contactlist\Master.xml

20:34:53.931 [main] DEBUG org.testng.TestNG - suiteXmlPath: "C:\Workspaces\Karthi_July_29 Space\contactlist\Master.xml"
20:34:54.143 [main] INFO  org.testng.internal.Utils - [TestNG] Running:
  C:\Workspaces\Karthi_July_29 Space\contactlist\Master.xml

21:30:45.498 [main] DEBUG org.testng.TestNG - suiteXmlPath: "C:\Workspaces\Karthi_July_29 Space\contactlist\Master.xml"
21:30:45.713 [main] INFO  org.testng.internal.Utils - [TestNG] Running:
  C:\Workspaces\Karthi_July_29 Space\contactlist\Master.xml

21:30:58.836 [main] INFO  testCases.TC105_ContactEditingTest - ******TC105_ContactEditingTest Starts****
21:30:58.836 [main] INFO  testCases.TC105_ContactEditingTest - ......testContactsEditing.....
21:30:58.894 [main] INFO  testCases.TC105_ContactEditingTest - Home Page
21:30:59.956 [main] INFO  testCases.TC105_ContactEditingTest - click login button
21:31:06.209 [main] INFO  testCases.TC105_ContactEditingTest - click the contact to edit
21:56:40.496 [main] DEBUG org.testng.TestNG - suiteXmlPath: "C:\Workspaces\Karthi_July_29 Space\contactlist\Master.xml"
21:56:40.697 [main] INFO  org.testng.internal.Utils - [TestNG] Running:
  C:\Workspaces\Karthi_July_29 Space\contactlist\Master.xml

21:56:45.105 [main] INFO  testCases.TC105_ContactEditingTest - ******TC105_ContactEditingTest Starts****
21:56:45.105 [main] INFO  testCases.TC105_ContactEditingTest - ......testContactsEditing.....
21:56:45.128 [main] INFO  testCases.TC105_ContactEditingTest - Home Page
21:56:45.447 [main] INFO  testCases.TC105_ContactEditingTest - click login button
21:56:58.840 [main] INFO  testCases.TC105_ContactEditingTest - .....TestEmptyfields.....
21:57:04.460 [main] INFO  testCases.TC105_ContactEditingTest - clearing the fields
21:57:07.902 [main] INFO  testCases.TC105_ContactEditingTest - app doesn't allow to save empty fields
21:57:07.902 [main] INFO  testCases.TC105_ContactEditingTest - ******TC105_ContactEditingTest ends*****
21:58:18.126 [main] DEBUG org.testng.TestNG - suiteXmlPath: "C:\Workspaces\Karthi_July_29 Space\contactlist\Master.xml"
21:58:18.318 [main] INFO  org.testng.internal.Utils - [TestNG] Running:
  C:\Workspaces\Karthi_July_29 Space\contactlist\Master.xml

21:58:23.474 [main] INFO  testCases.TC105_ContactEditingTest - ******TC105_ContactEditingTest Starts****
21:58:23.475 [main] INFO  testCases.TC105_ContactEditingTest - ......testContactsEditing.....
21:58:23.512 [main] INFO  testCases.TC105_ContactEditingTest - Home Page
21:58:23.825 [main] INFO  testCases.TC105_ContactEditingTest - click login button
21:58:37.245 [main] INFO  testCases.TC105_ContactEditingTest - .....TestEmptyfields.....
21:58:42.376 [main] INFO  testCases.TC105_ContactEditingTest - clearing the fields
21:58:45.815 [main] INFO  testCases.TC105_ContactEditingTest - app doesn't allow to save empty fields
21:58:45.815 [main] INFO  testCases.TC105_ContactEditingTest - ******TC105_ContactEditingTest ends*****
22:02:12.124 [main] DEBUG org.testng.TestNG - suiteXmlPath: "C:\Workspaces\Karthi_July_29 Space\contactlist\Master.xml"
22:02:12.337 [main] INFO  org.testng.internal.Utils - [TestNG] Running:
  C:\Workspaces\Karthi_July_29 Space\contactlist\Master.xml

22:02:16.944 [main] INFO  testCases.TC105_ContactEditingTest - ******TC105_ContactEditingTest Starts****
22:02:16.945 [main] INFO  testCases.TC105_ContactEditingTest - ......testContactsEditing.....
22:02:16.962 [main] INFO  testCases.TC105_ContactEditingTest - Home Page
22:02:17.263 [main] INFO  testCases.TC105_ContactEditingTest - click login button
22:02:30.640 [main] INFO  testCases.TC105_ContactEditingTest - .....TestEmptyfields.....
22:02:37.052 [main] INFO  testCases.TC105_ContactEditingTest - clearing the fields
22:02:40.544 [main] INFO  testCases.TC105_ContactEditingTest - app doesn't allow to save empty fields
22:02:40.544 [main] INFO  testCases.TC105_ContactEditingTest - ******TC105_ContactEditingTest ends*****
22:04:17.603 [main] DEBUG org.testng.TestNG - suiteXmlPath: "C:\Workspaces\Karthi_July_29 Space\contactlist\Master.xml"
22:04:17.830 [main] INFO  org.testng.internal.Utils - [TestNG] Running:
  C:\Workspaces\Karthi_July_29 Space\contactlist\Master.xml

22:04:21.532 [main] INFO  testCases.TC105_ContactEditingTest - ******TC105_ContactEditingTest Starts****
22:04:21.533 [main] INFO  testCases.TC105_ContactEditingTest - ......testContactsEditing.....
22:04:21.545 [main] INFO  testCases.TC105_ContactEditingTest - Home Page
22:04:21.824 [main] INFO  testCases.TC105_ContactEditingTest - click login button
22:04:25.712 [main] INFO  testCases.TC105_ContactEditingTest - click the contact to edit
22:04:28.746 [main] INFO  testCases.TC105_ContactEditingTest - redirected to contact details Page
22:04:29.387 [main] INFO  testCases.TC105_ContactEditingTest - click edit contact
22:04:42.839 [main] INFO  testCases.TC105_ContactEditingTest - .....TestEmptyfields.....
22:06:52.201 [main] DEBUG org.testng.TestNG - suiteXmlPath: "C:\Workspaces\Karthi_July_29 Space\contactlist\Master.xml"
22:06:52.429 [main] INFO  org.testng.internal.Utils - [TestNG] Running:
  C:\Workspaces\Karthi_July_29 Space\contactlist\Master.xml

22:06:56.014 [main] INFO  testCases.TC105_ContactEditingTest - ******TC105_ContactEditingTest Starts****
22:06:56.014 [main] INFO  testCases.TC105_ContactEditingTest - ......testContactsEditing.....
22:06:56.027 [main] INFO  testCases.TC105_ContactEditingTest - Home Page
22:06:56.324 [main] INFO  testCases.TC105_ContactEditingTest - click login button
22:07:00.646 [main] INFO  testCases.TC105_ContactEditingTest - click the contact to edit
22:07:03.658 [main] INFO  testCases.TC105_ContactEditingTest - redirected to contact details Page
22:07:04.866 [main] INFO  testCases.TC105_ContactEditingTest - click edit contact
22:07:11.375 [main] INFO  testCases.TC105_ContactEditingTest - Changes Made correctly
22:07:16.414 [main] INFO  testCases.TC105_ContactEditingTest - .....TestEmptyfields.....
22:08:43.405 [main] DEBUG org.testng.TestNG - suiteXmlPath: "C:\Workspaces\Karthi_July_29 Space\contactlist\Master.xml"
22:08:43.652 [main] INFO  org.testng.internal.Utils - [TestNG] Running:
  C:\Workspaces\Karthi_July_29 Space\contactlist\Master.xml

22:08:47.466 [main] INFO  testCases.TC105_ContactEditingTest - ******TC105_ContactEditingTest Starts****
22:08:47.466 [main] INFO  testCases.TC105_ContactEditingTest - ......testContactsEditing.....
22:08:47.503 [main] INFO  testCases.TC105_ContactEditingTest - Home Page
22:08:47.827 [main] INFO  testCases.TC105_ContactEditingTest - click login button
22:08:52.089 [main] INFO  testCases.TC105_ContactEditingTest - click the contact to edit
22:08:55.117 [main] INFO  testCases.TC105_ContactEditingTest - redirected to contact details Page
22:08:57.320 [main] INFO  testCases.TC105_ContactEditingTest - click edit contact
22:09:03.828 [main] INFO  testCases.TC105_ContactEditingTest - Changes Made correctly
22:09:08.881 [main] INFO  testCases.TC105_ContactEditingTest - .....TestEmptyfields.....
22:09:13.234 [main] INFO  testCases.TC105_ContactEditingTest - clearing the fields
22:09:19.674 [main] INFO  testCases.TC105_ContactEditingTest - app doesn't allow to save empty fields
22:09:19.674 [main] INFO  testCases.TC105_ContactEditingTest - ******TC105_ContactEditingTest ends*****
22:30:36.791 [main] DEBUG org.testng.TestNG - suiteXmlPath: "C:\Workspaces\Karthi_July_29 Space\contactlist\Master.xml"
22:30:37.063 [main] INFO  org.testng.internal.Utils - [TestNG] Running:
  C:\Workspaces\Karthi_July_29 Space\contactlist\Master.xml

22:30:41.411 [main] INFO  testCases.TC106_ContactDeleteTest - ******TC106_ContactDeleteTest Starts****
22:30:41.412 [main] INFO  testCases.TC106_ContactDeleteTest - ......testContactDelete.....
22:30:41.453 [main] INFO  testCases.TC106_ContactDeleteTest - Home Page
22:30:41.704 [main] INFO  testCases.TC106_ContactDeleteTest - click login button
22:30:44.791 [main] INFO  testCases.TC106_ContactDeleteTest - Contact details Page
22:30:46.753 [main] INFO  testCases.TC106_ContactDeleteTest - click the contact to delete
22:30:49.860 [main] INFO  testCases.TC106_ContactDeleteTest - alert pop ups
22:30:52.914 [main] INFO  testCases.TC106_ContactDeleteTest - ******TC106_ContactDeleteTest Ends****
22:46:44.869 [main] DEBUG org.testng.TestNG - suiteXmlPath: "C:\Workspaces\Karthi_July_29 Space\contactlist\Master.xml"
22:46:45.088 [main] INFO  org.testng.internal.Utils - [TestNG] Running:
  C:\Workspaces\Karthi_July_29 Space\contactlist\Master.xml

22:46:51.707 [main] INFO  testCases.TC107_LogoutTest - ******TC107_LogoutTest Starts****
22:46:51.707 [main] INFO  testCases.TC107_LogoutTest - ......testLogout.....
22:46:51.726 [main] INFO  testCases.TC107_LogoutTest - Home Page
22:46:51.967 [main] INFO  testCases.TC107_LogoutTest - click login button
22:49:05.539 [main] DEBUG org.testng.TestNG - suiteXmlPath: "C:\Workspaces\Karthi_July_29 Space\contactlist\Master.xml"
22:49:05.735 [main] INFO  org.testng.internal.Utils - [TestNG] Running:
  C:\Workspaces\Karthi_July_29 Space\contactlist\Master.xml

22:49:09.395 [main] INFO  testCases.TC107_LogoutTest - ******TC107_LogoutTest Starts****
22:49:09.395 [main] INFO  testCases.TC107_LogoutTest - ......testLogout.....
22:49:09.418 [main] INFO  testCases.TC107_LogoutTest - Home Page
22:49:09.659 [main] INFO  testCases.TC107_LogoutTest - click login button
22:49:42.799 [main] DEBUG org.testng.TestNG - suiteXmlPath: "C:\Workspaces\Karthi_July_29 Space\contactlist\Master.xml"
22:49:42.998 [main] INFO  org.testng.internal.Utils - [TestNG] Running:
  C:\Workspaces\Karthi_July_29 Space\contactlist\Master.xml

22:49:46.615 [main] INFO  testCases.TC107_LogoutTest - ******TC107_LogoutTest Starts****
22:49:46.616 [main] INFO  testCases.TC107_LogoutTest - ......testLogout.....
22:49:46.634 [main] INFO  testCases.TC107_LogoutTest - Home Page
22:49:46.882 [main] INFO  testCases.TC107_LogoutTest - click login button
22:49:54.292 [main] INFO  testCases.TC107_LogoutTest - logged out
22:49:54.292 [main] INFO  testCases.TC107_LogoutTest - ******TC107_LogoutTest Ends****
23:01:14.307 [main] DEBUG org.testng.TestNG - suiteXmlPath: "C:\Workspaces\Karthi_July_29 Space\contactlist\Master.xml"
23:01:19.871 [main] INFO  testCases.TC101_SignUpTest - *****TC101_SignUpTest starts****
23:01:20.004 [main] INFO  testCases.TC101_SignUpTest - Sign Up button is visible
23:01:20.094 [main] INFO  testCases.TC101_SignUpTest - Sign up button is clickable
23:01:20.729 [main] INFO  testCases.TC101_SignUpTest - click Sign up button
23:01:23.746 [main] INFO  testCases.TC101_SignUpTest - ***TC101_SignUpTest Ends*****
23:01:26.851 [main] INFO  testCases.TC102_LoginTest - *****TC102_LoginTest Starts****
23:01:27.407 [main] INFO  testCases.TC102_LoginTest - Login button is visible
23:01:27.474 [main] INFO  testCases.TC102_LoginTest - Login button is clickable
23:01:27.773 [main] INFO  testCases.TC102_LoginTest - Provided login credentials
23:01:27.903 [main] INFO  testCases.TC102_LoginTest - click Login button
23:01:32.250 [main] INFO  testCases.TC102_LoginTest - click logout button
23:01:35.258 [main] INFO  testCases.TC102_LoginTest - ***TC102_LoginTest Ends*****
23:01:35.261 [main] INFO  testCases.TC102_LoginTest - Invalid Login Credentials
23:01:38.578 [main] INFO  testCases.TC102_LoginTest - provided invalid credentials
23:01:38.753 [main] INFO  testCases.TC102_LoginTest - Not redirected to login page for Invalid credentials
23:01:42.602 [main] INFO  testCases.TC103_ContactAdditionTest - ******TC103_ContactAdditionTest Starts****
23:01:42.602 [main] INFO  testCases.TC103_ContactAdditionTest - ......testContactListMandatoryfileds.....
23:01:42.602 [main] INFO  testCases.TC103_ContactAdditionTest - Home Page
23:01:42.940 [main] INFO  testCases.TC103_ContactAdditionTest - click login button
23:01:46.046 [main] INFO  testCases.TC103_ContactAdditionTest - Contact List page
23:01:47.530 [main] INFO  testCases.TC103_ContactAdditionTest - click add contact
23:01:52.306 [main] INFO  testCases.TC103_ContactAdditionTest - provided the contact details
23:01:52.435 [main] INFO  testCases.TC103_ContactAdditionTest - click submit button
23:01:55.457 [main] INFO  testCases.TC103_ContactAdditionTest - redirected to contact list page
23:01:55.459 [main] INFO  testCases.TC103_ContactAdditionTest - ....testContactListoptionalfileds.......
23:01:55.459 [main] INFO  testCases.TC103_ContactAdditionTest - Contact List page
23:01:56.987 [main] INFO  testCases.TC103_ContactAdditionTest - click add contact
23:02:03.238 [main] INFO  testCases.TC103_ContactAdditionTest - ....testduplicateContactList.......
23:02:03.238 [main] INFO  testCases.TC103_ContactAdditionTest - Contact List page
23:02:03.850 [main] INFO  testCases.TC103_ContactAdditionTest - click add contact
23:02:07.209 [main] INFO  testCases.TC103_ContactAdditionTest - Provided mandatory files for contact
23:02:10.235 [main] INFO  testCases.TC103_ContactAdditionTest - Check for duplicate contact error
23:02:11.826 [main] INFO  testCases.TC103_ContactAdditionTest - click add contact
23:02:18.770 [main] INFO  testCases.TC104_ContactsDisplayTest - ******TC104_ContactsDisplayTest Starts****
23:02:18.771 [main] INFO  testCases.TC104_ContactsDisplayTest - ......testContactsAlphabeticalOrder.....
23:02:18.771 [main] INFO  testCases.TC104_ContactsDisplayTest - Home Page
23:02:19.112 [main] INFO  testCases.TC104_ContactsDisplayTest - click login button
23:02:32.453 [main] INFO  testCases.TC104_ContactsDisplayTest - contact details are displayed
23:02:32.454 [main] INFO  testCases.TC104_ContactsDisplayTest - verify alphabetical order
23:02:32.546 [main] INFO  testCases.TC104_ContactsDisplayTest - .....testPhonenumberwithExtension.....
23:02:39.191 [main] INFO  testCases.TC105_ContactEditingTest - ******TC105_ContactEditingTest Starts****
23:02:39.191 [main] INFO  testCases.TC105_ContactEditingTest - ......testContactsEditing.....
23:02:39.192 [main] INFO  testCases.TC105_ContactEditingTest - Home Page
23:02:39.521 [main] INFO  testCases.TC105_ContactEditingTest - click login button
23:02:44.140 [main] INFO  testCases.TC105_ContactEditingTest - click the contact to edit
23:02:47.153 [main] INFO  testCases.TC105_ContactEditingTest - redirected to contact details Page
23:02:47.774 [main] INFO  testCases.TC105_ContactEditingTest - click edit contact
23:02:55.055 [main] INFO  testCases.TC105_ContactEditingTest - Changes Made correctly
23:03:00.072 [main] INFO  testCases.TC105_ContactEditingTest - .....TestEmptyfields.....
23:03:03.652 [main] INFO  testCases.TC105_ContactEditingTest - clearing the fields
23:03:09.818 [main] INFO  testCases.TC105_ContactEditingTest - app doesn't allow to save empty fields
23:03:09.819 [main] INFO  testCases.TC105_ContactEditingTest - ******TC105_ContactEditingTest ends*****
23:03:13.112 [main] INFO  testCases.TC106_ContactDeleteTest - ******TC106_ContactDeleteTest Starts****
23:03:13.113 [main] INFO  testCases.TC106_ContactDeleteTest - ......testContactDelete.....
23:03:13.113 [main] INFO  testCases.TC106_ContactDeleteTest - Home Page
23:03:13.436 [main] INFO  testCases.TC106_ContactDeleteTest - click login button
23:03:16.552 [main] INFO  testCases.TC106_ContactDeleteTest - Contact details Page
23:03:18.036 [main] INFO  testCases.TC106_ContactDeleteTest - click the contact to delete
23:03:21.137 [main] INFO  testCases.TC106_ContactDeleteTest - alert pop ups
23:03:24.160 [main] INFO  testCases.TC106_ContactDeleteTest - ******TC106_ContactDeleteTest Ends****
23:03:30.670 [main] INFO  testCases.TC107_LogoutTest - ******TC107_LogoutTest Starts****
23:03:30.670 [main] INFO  testCases.TC107_LogoutTest - ......testLogout.....
23:03:30.670 [main] INFO  testCases.TC107_LogoutTest - Home Page
23:03:30.975 [main] INFO  testCases.TC107_LogoutTest - click login button
23:03:38.348 [main] INFO  testCases.TC107_LogoutTest - logged out
23:03:38.348 [main] INFO  testCases.TC107_LogoutTest - ******TC107_LogoutTest Ends****
23:07:05.434 [main] DEBUG org.testng.TestNG - suiteXmlPath: "C:\Workspaces\Karthi_July_29 Space\contactlist\Master.xml"
23:07:10.652 [main] INFO  testCases.TC101_SignUpTest - *****TC101_SignUpTest starts****
23:07:10.803 [main] INFO  testCases.TC101_SignUpTest - Sign Up button is visible
23:07:10.873 [main] INFO  testCases.TC101_SignUpTest - Sign up button is clickable
23:07:11.517 [main] INFO  testCases.TC101_SignUpTest - click Sign up button
23:07:14.539 [main] INFO  testCases.TC101_SignUpTest - ***TC101_SignUpTest Ends*****
23:07:17.872 [main] INFO  testCases.TC102_LoginTest - *****TC102_LoginTest Starts****
23:07:18.417 [main] INFO  testCases.TC102_LoginTest - Login button is visible
23:07:18.484 [main] INFO  testCases.TC102_LoginTest - Login button is clickable
23:07:18.791 [main] INFO  testCases.TC102_LoginTest - Provided login credentials
23:07:18.911 [main] INFO  testCases.TC102_LoginTest - click Login button
23:07:23.205 [main] INFO  testCases.TC102_LoginTest - click logout button
23:07:26.220 [main] INFO  testCases.TC102_LoginTest - ***TC102_LoginTest Ends*****
23:07:26.228 [main] INFO  testCases.TC102_LoginTest - Invalid Login Credentials
23:07:29.510 [main] INFO  testCases.TC102_LoginTest - provided invalid credentials
23:07:29.623 [main] INFO  testCases.TC102_LoginTest - Not redirected to login page for Invalid credentials
23:07:33.207 [main] INFO  testCases.TC103_ContactAdditionTest - ******TC103_ContactAdditionTest Starts****
23:07:33.207 [main] INFO  testCases.TC103_ContactAdditionTest - ......testContactListMandatoryfileds.....
23:07:33.207 [main] INFO  testCases.TC103_ContactAdditionTest - Home Page
23:07:33.519 [main] INFO  testCases.TC103_ContactAdditionTest - click login button
23:07:36.627 [main] INFO  testCases.TC103_ContactAdditionTest - Contact List page
23:07:38.122 [main] INFO  testCases.TC103_ContactAdditionTest - click add contact
23:07:42.906 [main] INFO  testCases.TC103_ContactAdditionTest - provided the contact details
23:07:43.026 [main] INFO  testCases.TC103_ContactAdditionTest - click submit button
23:07:46.048 [main] INFO  testCases.TC103_ContactAdditionTest - redirected to contact list page
23:07:46.051 [main] INFO  testCases.TC103_ContactAdditionTest - ....testContactListoptionalfileds.......
23:07:46.051 [main] INFO  testCases.TC103_ContactAdditionTest - Contact List page
23:07:47.535 [main] INFO  testCases.TC103_ContactAdditionTest - click add contact
23:07:53.795 [main] INFO  testCases.TC103_ContactAdditionTest - ....testduplicateContactList.......
23:07:53.796 [main] INFO  testCases.TC103_ContactAdditionTest - Contact List page
23:07:54.426 [main] INFO  testCases.TC103_ContactAdditionTest - click add contact
23:07:57.768 [main] INFO  testCases.TC103_ContactAdditionTest - Provided mandatory files for contact
23:08:00.802 [main] INFO  testCases.TC103_ContactAdditionTest - Check for duplicate contact error
23:08:02.385 [main] INFO  testCases.TC103_ContactAdditionTest - click add contact
23:08:08.676 [main] INFO  testCases.TC104_ContactsDisplayTest - ******TC104_ContactsDisplayTest Starts****
23:08:08.676 [main] INFO  testCases.TC104_ContactsDisplayTest - ......testContactsAlphabeticalOrder.....
23:08:08.678 [main] INFO  testCases.TC104_ContactsDisplayTest - Home Page
23:08:09.479 [main] INFO  testCases.TC104_ContactsDisplayTest - click login button
23:08:22.813 [main] INFO  testCases.TC104_ContactsDisplayTest - contact details are displayed
23:08:22.814 [main] INFO  testCases.TC104_ContactsDisplayTest - verify alphabetical order
23:08:22.906 [main] INFO  testCases.TC104_ContactsDisplayTest - .....testPhonenumberwithExtension.....
23:08:26.024 [main] INFO  testCases.TC104_ContactsDisplayTest - Phone number having extensions
23:08:26.024 [main] INFO  testCases.TC104_ContactsDisplayTest - *****TC104_ContactsDisplayTest Ends*****
23:08:29.117 [main] INFO  testCases.TC105_ContactEditingTest - ******TC105_ContactEditingTest Starts****
23:08:29.117 [main] INFO  testCases.TC105_ContactEditingTest - ......testContactsEditing.....
23:08:29.118 [main] INFO  testCases.TC105_ContactEditingTest - Home Page
23:08:29.885 [main] INFO  testCases.TC105_ContactEditingTest - click login button
23:08:34.493 [main] INFO  testCases.TC105_ContactEditingTest - click the contact to edit
23:08:37.514 [main] INFO  testCases.TC105_ContactEditingTest - redirected to contact details Page
23:08:39.029 [main] INFO  testCases.TC105_ContactEditingTest - click edit contact
23:08:46.307 [main] INFO  testCases.TC105_ContactEditingTest - Changes Made correctly
23:08:51.311 [main] INFO  testCases.TC105_ContactEditingTest - .....TestEmptyfields.....
23:08:54.870 [main] INFO  testCases.TC105_ContactEditingTest - clearing the fields
23:09:01.051 [main] INFO  testCases.TC105_ContactEditingTest - app doesn't allow to save empty fields
23:09:01.051 [main] INFO  testCases.TC105_ContactEditingTest - ******TC105_ContactEditingTest ends*****
23:09:04.119 [main] INFO  testCases.TC106_ContactDeleteTest - ******TC106_ContactDeleteTest Starts****
23:09:04.119 [main] INFO  testCases.TC106_ContactDeleteTest - ......testContactDelete.....
23:09:04.120 [main] INFO  testCases.TC106_ContactDeleteTest - Home Page
23:09:04.927 [main] INFO  testCases.TC106_ContactDeleteTest - click login button
23:09:08.058 [main] INFO  testCases.TC106_ContactDeleteTest - Contact details Page
23:09:09.519 [main] INFO  testCases.TC106_ContactDeleteTest - click the contact to delete
23:09:12.633 [main] INFO  testCases.TC106_ContactDeleteTest - alert pop ups
23:09:15.667 [main] INFO  testCases.TC106_ContactDeleteTest - ******TC106_ContactDeleteTest Ends****
23:09:22.011 [main] INFO  testCases.TC107_LogoutTest - ******TC107_LogoutTest Starts****
23:09:22.011 [main] INFO  testCases.TC107_LogoutTest - ......testLogout.....
23:09:22.012 [main] INFO  testCases.TC107_LogoutTest - Home Page
23:09:22.781 [main] INFO  testCases.TC107_LogoutTest - click login button
23:09:30.154 [main] INFO  testCases.TC107_LogoutTest - logged out
23:09:30.154 [main] INFO  testCases.TC107_LogoutTest - ******TC107_LogoutTest Ends****
